running egg_info
creating ../../build/learning_py/learning_py.egg-info
writing ../../build/learning_py/learning_py.egg-info/PKG-INFO
writing dependency_links to ../../build/learning_py/learning_py.egg-info/dependency_links.txt
writing entry points to ../../build/learning_py/learning_py.egg-info/entry_points.txt
writing requirements to ../../build/learning_py/learning_py.egg-info/requires.txt
writing top-level names to ../../build/learning_py/learning_py.egg-info/top_level.txt
writing manifest file '../../build/learning_py/learning_py.egg-info/SOURCES.txt'
reading manifest file '../../build/learning_py/learning_py.egg-info/SOURCES.txt'
writing manifest file '../../build/learning_py/learning_py.egg-info/SOURCES.txt'
running build
running build_py
creating /home/phineas/ros2_ws/build/learning_py/build
creating /home/phineas/ros2_ws/build/learning_py/build/lib
creating /home/phineas/ros2_ws/build/learning_py/build/lib/learning_py
copying learning_py/__init__.py -> /home/phineas/ros2_ws/build/learning_py/build/lib/learning_py
running install
running install_lib
creating /home/phineas/ros2_ws/install/learning_py/lib/python3.8/site-packages/learning_py
copying /home/phineas/ros2_ws/build/learning_py/build/lib/learning_py/__init__.py -> /home/phineas/ros2_ws/install/learning_py/lib/python3.8/site-packages/learning_py
byte-compiling /home/phineas/ros2_ws/install/learning_py/lib/python3.8/site-packages/learning_py/__init__.py to __init__.cpython-38.pyc
running install_data
creating /home/phineas/ros2_ws/install/learning_py/share/ament_index
creating /home/phineas/ros2_ws/install/learning_py/share/ament_index/resource_index
creating /home/phineas/ros2_ws/install/learning_py/share/ament_index/resource_index/packages
copying resource/learning_py -> /home/phineas/ros2_ws/install/learning_py/share/ament_index/resource_index/packages
copying package.xml -> /home/phineas/ros2_ws/install/learning_py/share/learning_py
running install_egg_info
Copying ../../build/learning_py/learning_py.egg-info to /home/phineas/ros2_ws/install/learning_py/lib/python3.8/site-packages/learning_py-0.0.0-py3.8.egg-info
running install_scripts
writing list of installed files to '/home/phineas/ros2_ws/build/learning_py/install.log'
