[0.596s] Invoking command in '/home/phineas/ros2_ws/src/learning_py': PYTHONPATH=/home/phineas/ros2_ws/install/learning_py/lib/python3.8/site-packages:${PYTHONPATH} /usr/bin/python3 setup.py egg_info --egg-base ../../build/learning_py build --build-base /home/phineas/ros2_ws/build/learning_py/build install --prefix /home/phineas/ros2_ws/install/learning_py --record /home/phineas/ros2_ws/build/learning_py/install.log --single-version-externally-managed
[1.052s] running egg_info
[1.053s] creating ../../build/learning_py/learning_py.egg-info
[1.053s] writing ../../build/learning_py/learning_py.egg-info/PKG-INFO
[1.054s] writing dependency_links to ../../build/learning_py/learning_py.egg-info/dependency_links.txt
[1.054s] writing entry points to ../../build/learning_py/learning_py.egg-info/entry_points.txt
[1.055s] writing requirements to ../../build/learning_py/learning_py.egg-info/requires.txt
[1.055s] writing top-level names to ../../build/learning_py/learning_py.egg-info/top_level.txt
[1.057s] writing manifest file '../../build/learning_py/learning_py.egg-info/SOURCES.txt'
[1.111s] reading manifest file '../../build/learning_py/learning_py.egg-info/SOURCES.txt'
[1.113s] writing manifest file '../../build/learning_py/learning_py.egg-info/SOURCES.txt'
[1.113s] running build
[1.113s] running build_py
[1.114s] creating /home/phineas/ros2_ws/build/learning_py/build
[1.114s] creating /home/phineas/ros2_ws/build/learning_py/build/lib
[1.115s] creating /home/phineas/ros2_ws/build/learning_py/build/lib/learning_py
[1.115s] copying learning_py/__init__.py -> /home/phineas/ros2_ws/build/learning_py/build/lib/learning_py
[1.116s] running install
[1.117s] running install_lib
[1.119s] creating /home/phineas/ros2_ws/install/learning_py/lib/python3.8/site-packages/learning_py
[1.120s] copying /home/phineas/ros2_ws/build/learning_py/build/lib/learning_py/__init__.py -> /home/phineas/ros2_ws/install/learning_py/lib/python3.8/site-packages/learning_py
[1.121s] byte-compiling /home/phineas/ros2_ws/install/learning_py/lib/python3.8/site-packages/learning_py/__init__.py to __init__.cpython-38.pyc
[1.123s] running install_data
[1.124s] creating /home/phineas/ros2_ws/install/learning_py/share/ament_index
[1.124s] creating /home/phineas/ros2_ws/install/learning_py/share/ament_index/resource_index
[1.125s] creating /home/phineas/ros2_ws/install/learning_py/share/ament_index/resource_index/packages
[1.125s] copying resource/learning_py -> /home/phineas/ros2_ws/install/learning_py/share/ament_index/resource_index/packages
[1.125s] copying package.xml -> /home/phineas/ros2_ws/install/learning_py/share/learning_py
[1.126s] running install_egg_info
[1.130s] Copying ../../build/learning_py/learning_py.egg-info to /home/phineas/ros2_ws/install/learning_py/lib/python3.8/site-packages/learning_py-0.0.0-py3.8.egg-info
[1.132s] running install_scripts
[1.167s] writing list of installed files to '/home/phineas/ros2_ws/build/learning_py/install.log'
[1.214s] Invoked command in '/home/phineas/ros2_ws/src/learning_py' returned '0': PYTHONPATH=/home/phineas/ros2_ws/install/learning_py/lib/python3.8/site-packages:${PYTHONPATH} /usr/bin/python3 setup.py egg_info --egg-base ../../build/learning_py build --build-base /home/phineas/ros2_ws/build/learning_py/build install --prefix /home/phineas/ros2_ws/install/learning_py --record /home/phineas/ros2_ws/build/learning_py/install.log --single-version-externally-managed
